d:\workspace\oir1.0\release\vc120.pdb
d:\workspace\oir1.0\release\util.obj
d:\workspace\oir1.0\release\corefunc.obj
d:\workspace\oir1.0\release\arealocate.obj
d:\workspace\oir1.0\release\main.obj
d:\workspace\oir1.2\release\vc120.pdb
d:\workspace\oir1.2\release\util.obj
d:\workspace\oir1.2\release\corefunc.obj
d:\workspace\oir1.2\release\arealocate.obj
d:\workspace\oir1.2\release\main.obj
d:\workspace\oir1.2\release\plate_judge.obj
d:\workspace\oir1.2\release\area.obj
d:\workspace\oir1.2\release\svm_train.obj
d:\workspace\oir1.2\release\feature.obj
d:\workspace\oir1.3-beta\release\vc120.pdb
d:\workspace\oir1.3-beta\release\util.obj
d:\workspace\oir1.3-beta\release\svm_train.obj
d:\workspace\oir1.3-beta\release\plate_judge.obj
d:\workspace\oir1.3-beta\release\feature.obj
d:\workspace\oir1.3-beta\release\corefunc.obj
d:\workspace\oir1.3-beta\release\batch.obj
d:\workspace\oir1.3-beta\release\arealocate.obj
d:\workspace\oir1.3-beta\release\area.obj
d:\workspace\oir1.3-beta\release\main.obj
d:\workspace\oir1.0\release\oir.exe
d:\workspace\oir1.0\release\oir.pdb
d:\workspace\oir1.2\release\oir.exe
d:\workspace\oir1.2\release\oir.pdb
d:\workspace\oir1.3-beta\release\oir.exe
d:\workspace\oir1.3-beta\release\oir.pdb
d:\workspace\oir1.3-beta\release\oir.tlog\cl.command.1.tlog
d:\workspace\oir1.3-beta\release\oir.tlog\cl.read.1.tlog
d:\workspace\oir1.3-beta\release\oir.tlog\cl.write.1.tlog
d:\workspace\oir1.3-beta\release\oir.tlog\link.command.1.tlog
d:\workspace\oir1.3-beta\release\oir.tlog\link.read.1.tlog
d:\workspace\oir1.3-beta\release\oir.tlog\link.write.1.tlog
